
â”Œâ”€â”€â”€â”€â”€â”€â”€â”€â”€â”€â”€â”€â”€â”€â”€â”€â”€â”€â”€â”€â”€â”€â”€â”€â”€â”€â”€â”€â”€â”€â”€â”€â”€â”€â”€â”€â”
â”‚ Ultramarine Linux Migration Script â”‚
â””â”€â”€â”€â”€â”€â”€â”€â”€â”€â”€â”€â”€â”€â”€â”€â”€â”€â”€â”€â”€â”€â”€â”€â”€â”€â”€â”€â”€â”€â”€â•´v0.1.3
Welcome to the Fedora to Ultramarine Linux migration script!
This script will migrate your Fedora system to Ultramarine Linux.
Please make sure you have a backup of your system before proceeding, as this script will make major changes to your system.
This script will also update your system to the latest version of Fedora before proceeding. Please make sure you can properly update your system before proceeding.

â–¡ Are you sure you want to continue? (Y/n) 
â”â”â”â•¸Beginning migrationâ•ºâ”â”â”

â–  (1/3) Updating system...
+ sudo dnf update -y
Updating and loading repositories:
Repositories loaded.
Nothing to do.
+ sudo dnf downgrade dnf5 -y
Updating and loading repositories:
Repositories loaded.
Package                                      Arch   Version         Repository      Size
Downgrading:
 dnf5                                        x86_64 5.2.12.0-1.fc42 fedora       2.3 MiB
   replacing dnf5                            x86_64 5.2.13.1-1.fc42 updates      2.4 MiB
 dnf5-plugins                                x86_64 5.2.12.0-1.fc42 fedora       1.2 MiB
   replacing dnf5-plugins                    x86_64 5.2.13.1-1.fc42 updates      1.2 MiB
 libdnf5                                     x86_64 5.2.12.0-1.fc42 fedora       3.6 MiB
   replacing libdnf5                         x86_64 5.2.13.1-1.fc42 updates      3.7 MiB
 libdnf5-cli                                 x86_64 5.2.12.0-1.fc42 fedora     867.6 KiB
   replacing libdnf5-cli                     x86_64 5.2.13.1-1.fc42 updates    879.2 KiB
 libdnf5-plugin-expired-pgp-keys             x86_64 5.2.12.0-1.fc42 fedora      82.5 KiB
   replacing libdnf5-plugin-expired-pgp-keys x86_64 5.2.13.1-1.fc42 updates     82.5 KiB

Transaction Summary:
 Replacing:          5 packages
 Downgrading:        5 packages

Total size of inbound packages is 3 MiB. Need to download 3 MiB.
After this operation, 250 KiB will be freed (install 8 MiB, remove 8 MiB).
[1/5] libdnf5-cli-0:5.2.12.0-1.fc42.x86 100% |   1.3 MiB/s | 346.6 KiB |  00m00s
[2/5] dnf5-0:5.2.12.0-1.fc42.x86_64     100% |   2.9 MiB/s | 834.7 KiB |  00m00s
[3/5] libdnf5-plugin-expired-pgp-keys-0 100% |   3.1 MiB/s | 103.4 KiB |  00m00s
[4/5] libdnf5-0:5.2.12.0-1.fc42.x86_64  100% |   3.2 MiB/s |   1.2 MiB |  00m00s
[5/5] dnf5-plugins-0:5.2.12.0-1.fc42.x8 100% |   3.4 MiB/s | 450.9 KiB |  00m00s
--------------------------------------------------------------------------------
[5/5] Total                             100% |   4.7 MiB/s |   2.9 MiB |  00m01s
Running transaction
[ 1/12] Verify package files            100% | 555.0   B/s |   5.0   B |  00m00s
[ 2/12] Prepare transaction             100% |  32.0   B/s |  10.0   B |  00m00s
[ 3/12] Downgrading libdnf5-0:5.2.12.0- 100% |  66.7 MiB/s |   3.6 MiB |  00m00s
[ 4/12] Downgrading libdnf5-cli-0:5.2.1 100% |  38.7 MiB/s | 871.4 KiB |  00m00s
[ 5/12] Downgrading dnf5-0:5.2.12.0-1.f 100% |  36.0 MiB/s |   2.3 MiB |  00m00s
[ 6/12] Downgrading dnf5-plugins-0:5.2. 100% |  38.7 MiB/s |   1.2 MiB |  00m00s
[ 7/12] Downgrading libdnf5-plugin-expi 100% |   5.8 MiB/s |  83.7 KiB |  00m00s
[ 8/12] Removing dnf5-plugins-0:5.2.13. 100% |   3.8 KiB/s | 129.0   B |  00m00s
[ 9/12] Removing dnf5-0:5.2.13.1-1.fc42 100% |   4.7 KiB/s | 150.0   B |  00m00s
[10/12] Removing libdnf5-cli-0:5.2.13.1 100% |   2.5 KiB/s |  26.0   B |  00m00s
[11/12] Removing libdnf5-plugin-expired 100% | 500.0   B/s |   7.0   B |  00m00s
[12/12] Removing libdnf5-0:5.2.13.1-1.f 100% |  53.0   B/s |  52.0   B |  00m01s
Complete!


â–  (2/3) Installing repositories...

 ...[1/3] RPM Fusion
 --> Seems like both rpmfusion-nonfree-release and rpmfusion-free-release are installed

 ...[2/3] Terra
+ sudo dnf install -y --repofrompath 'terra,https://repos.fyralabs.com/terra$releasever' --setopt=terra.gpgkey=https://repos.fyralabs.com/terra42/key.asc terra-release
Updating and loading repositories:
 terra                                  100% | 546.8 KiB/s | 900.7 KiB |  00m02s
Repositories loaded.
Package        Arch   Version Repository      Size
Installing:
 terra-release noarch 42-4    terra      672.0   B

Transaction Summary:
 Installing:         1 package

Total size of inbound packages is 7 KiB. Need to download 7 KiB.
After this operation, 672 B extra will be used (install 672 B, remove 0 B).
[1/1] terra-release-0:42-4.noarch       100% |  13.3 KiB/s |   7.5 KiB |  00m01s
--------------------------------------------------------------------------------
[1/1] Total                             100% |  13.3 KiB/s |   7.5 KiB |  00m01s
Running transaction
[2A[1/2] https://repos.fyralabs.com/terra4 100% |   2.2 KiB/s | 831.0   B |  00m00s
--------------------------------------------------------------------------------
[2/2] Total                             100% |  13.3 KiB/s |   7.5 KiB |  00m01s
Importing OpenPGP key 0xD6A7A542:
 UserID     : "Terra 42 <security@fyralabs.com>"
 Fingerprint: 63FBD5230A95AACC5F9D2A19CD9A823AD6A7A542
 From       : https://repos.fyralabs.com/terra42/key.asc
The key was successfully imported.
[1/3] Verify package files              100% | 500.0   B/s |   1.0   B |  00m00s
[2/3] Prepare transaction               100% |   7.0   B/s |   1.0   B |  00m00s
[3/3] Installing terra-release-0:42-4.n 100% |   3.5 KiB/s | 936.0   B |  00m00s
Complete!

 ...[3/3] Ultramarine Repositories
+ sudo dnf install -y --repofrompath 'ultramarine,https://repos.fyralabs.com/um$releasever' --setopt=ultramarine.gpgkey=https://repos.fyralabs.com/um42/key.asc ultramarine-repos-common
Updating and loading repositories:
 Terra 42                               100% |  17.2 KiB/s |   7.9 KiB |  00m00s
>>> Librepo error: repomd.xml GPG signature verification error: Signing key not 
 ultramarine                            100% | 202.6 KiB/s | 231.2 KiB |  00m01s
 https://repos.fyralabs.com/terra42/key 100% |   2.0 KiB/s | 831.0   B |  00m00s
Importing OpenPGP key 0xD6A7A542:
 UserID     : "Terra 42 <security@fyralabs.com>"
 Fingerprint: 63FBD5230A95AACC5F9D2A19CD9A823AD6A7A542
 From       : https://repos.fyralabs.com/terra42/key.asc
The key was successfully imported.
 Terra 42                               100% |  16.1 KiB/s |   9.5 KiB |  00m01s
Repositories loaded.
Package                   Arch   Version   Repository       Size
Installing:
 ultramarine-repos-common noarch 42-1.um42 ultramarine 690.0   B

Transaction Summary:
 Installing:         1 package

Total size of inbound packages is 7 KiB. Need to download 7 KiB.
After this operation, 690 B extra will be used (install 690 B, remove 0 B).
[1/1] ultramarine-repos-common-0:42-1.u 100% |  15.7 KiB/s |   6.8 KiB |  00m00s
--------------------------------------------------------------------------------
[1/1] Total                             100% |  15.7 KiB/s |   6.8 KiB |  00m00s
Running transaction
[2A[1/2] https://repos.fyralabs.com/um42/k 100% |   2.1 KiB/s | 843.0   B |  00m00s
--------------------------------------------------------------------------------
[2/2] Total                             100% |  15.7 KiB/s |   6.8 KiB |  00m00s
Importing OpenPGP key 0xB62E2F67:
 UserID     : "Ultramarine Linux <security@fyralabs.com>"
 Fingerprint: 5573381E2FFD919A443F7FCF9F7E76AEB62E2F67
 From       : https://repos.fyralabs.com/um42/key.asc
The key was successfully imported.
[1/3] Verify package files              100% |   1.0 KiB/s |   1.0   B |  00m00s
[2/3] Prepare transaction               100% |   7.0   B/s |   1.0   B |  00m00s
[3/3] Installing ultramarine-repos-comm 100% |   3.5 KiB/s | 964.0   B |  00m00s
Complete!


â–  (3/3) Converting to Ultramarine...
 ... Detected Fedora KDE Spin
+ sudo dnf swap -y fedora-release-common ultramarine-release-kde --allowerasing
Updating and loading repositories:
 Ultramarine Linux 42                   100% |  10.8 KiB/s |   7.9 KiB |  00m01s
>>> Librepo error: repomd.xml GPG signature verification error: Signing key not 
 https://repos.fyralabs.com/um42/key.as 100% |   2.2 KiB/s | 843.0   B |  00m00s
Importing OpenPGP key 0xB62E2F67:
 UserID     : "Ultramarine Linux <security@fyralabs.com>"
 Fingerprint: 5573381E2FFD919A443F7FCF9F7E76AEB62E2F67
 From       : https://repos.fyralabs.com/um42/key.asc
The key was successfully imported.
 Ultramarine Linux 42                   100% |  51.5 KiB/s |  29.9 KiB |  00m01s
Repositories loaded.
Package                              Arch   Version                       Repository       Size
Removing:
 fedora-release-common               noarch 42-26                         updates      20.2 KiB
Removing dependent packages:
 fedora-release-identity-kde         noarch 42-26                         updates       2.0 KiB
 fedora-release-kde                  noarch 42-26                         updates       0.0   B
Installing:
 ultramarine-release-plasma          noarch 42-5.um42                     ultramarine   0.0   B
Installing dependencies:
 bcc                                 x86_64 0.33.0-1.fc42                 fedora        2.4 MiB
 bcc-tools                           x86_64 0.33.0-1.fc42                 fedora        2.1 MiB
 clang19-libs                        x86_64 19.1.7-13.fc42                updates     124.2 MiB
 clang19-resource-filesystem         x86_64 19.1.7-13.fc42                updates      14.8 KiB
 llvm19-filesystem                   x86_64 19.1.7-13.fc42                updates       0.0   B
 llvm19-libs                         x86_64 19.1.7-13.fc42                updates     124.0 MiB
 python3-bcc                         noarch 0.33.0-1.fc42                 fedora      525.8 KiB
 python3-netaddr                     noarch 1.3.0-5.fc42                  fedora       11.6 MiB
 system76-scheduler                  x86_64 2.0.2-1.fc42                  terra         5.4 MiB
 terra-release-extras                noarch 42-4                          terra         2.2 KiB
 ultramarine-release-common          noarch 42-5.um42                     ultramarine  21.6 KiB
 ultramarine-release-desktop         noarch 42-5.um42                     ultramarine 453.0   B
 ultramarine-release-identity-plasma noarch 42-5.um42                     ultramarine   2.4 KiB
 ultramarine-repos                   noarch 42-1.um42                     ultramarine   0.0   B
 yyjson                              x86_64 0.11.1-1.fc42                 updates     244.2 KiB
Installing weak dependencies:
 compiler-rt19                       x86_64 19.1.7-13.fc42                updates      36.3 MiB
 fastfetch                           x86_64 2.44.0-1.fc42                 updates       1.5 MiB
 golang-github-ultramarine-linux-um  x86_64 0.3.0-0.1.um42                ultramarine  11.5 MiB
 kwin-system76-scheduler-integration x86_64 0.1-2.20240425gite00f1b7.fc42 terra         5.4 KiB
 libomp19                            x86_64 19.1.7-13.fc42                updates       1.8 MiB
 libomp19-devel                      x86_64 19.1.7-13.fc42                updates      31.2 MiB
 pipewire-systemd-mask               x86_64 0-1.um42                      ultramarine  36.0   B
 ultramarine-repos-extras            noarch 42-1.um42                     ultramarine   3.9 KiB

Transaction Summary:
 Installing:        24 packages
 Removing:           3 packages

Total size of inbound packages is 72 MiB. Need to download 72 MiB.
After this operation, 353 MiB extra will be used (install 353 MiB, remove 22 KiB).
[ 1/24] ultramarine-release-plasma-0:42 100% |  93.5 KiB/s |   6.7 KiB |  00m00s
[ 2/24] ultramarine-release-desktop-0:4 100% |  82.8 KiB/s |   7.0 KiB |  00m00s
[ 3/24] ultramarine-release-common-0:42 100% | 205.0 KiB/s |  19.5 KiB |  00m00s
[ 4/24] ultramarine-repos-0:42-1.um42.n 100% | 197.9 KiB/s |   6.1 KiB |  00m00s
[ 5/24] ultramarine-release-identity-pl 100% | 328.1 KiB/s |   9.5 KiB |  00m00s
[ 6/24] pipewire-systemd-mask-0:0-1.um4 100% | 213.3 KiB/s |   7.0 KiB |  00m00s
[ 7/24] kwin-system76-scheduler-integra 100% | 348.4 KiB/s |  12.5 KiB |  00m00s
[ 8/24] system76-scheduler-0:2.0.2-1.fc 100% |  13.3 MiB/s |   1.6 MiB |  00m00s
[ 9/24] python3-bcc-0:0.33.0-1.fc42.noa 100% | 392.9 KiB/s | 132.8 KiB |  00m00s
[10/24] bcc-tools-0:0.33.0-1.fc42.x86_6 100% |   1.0 MiB/s | 570.2 KiB |  00m01s
[11/24] bcc-0:0.33.0-1.fc42.x86_64      100% |   1.2 MiB/s | 688.7 KiB |  00m01s
[12/24] golang-github-ultramarine-linux 100% |  21.5 MiB/s |   3.5 MiB |  00m00s
[13/24] ultramarine-repos-extras-0:42-1 100% | 290.8 KiB/s |   9.9 KiB |  00m00s
[14/24] python3-netaddr-0:1.3.0-5.fc42. 100% |   6.1 MiB/s |   1.8 MiB |  00m00s
[15/24] terra-release-extras-0:42-4.noa 100% | 310.5 KiB/s |   8.1 KiB |  00m00s
[16/24] fastfetch-0:2.44.0-1.fc42.x86_6 100% |   1.6 MiB/s | 536.2 KiB |  00m00s
[17/24] clang19-resource-filesystem-0:1 100% | 141.8 KiB/s |  19.3 KiB |  00m00s
[18/24] llvm19-filesystem-0:19.1.7-13.f 100% | 320.3 KiB/s |  13.8 KiB |  00m00s
[19/24] yyjson-0:0.11.1-1.fc42.x86_64   100% | 787.6 KiB/s | 109.5 KiB |  00m00s
[20/24] libomp19-0:19.1.7-13.fc42.x86_6 100% |   1.9 MiB/s | 670.6 KiB |  00m00s
[21/24] llvm19-libs-0:19.1.7-13.fc42.x8 100% |  34.7 MiB/s |  31.4 MiB |  00m01s
[22/24] libomp19-devel-0:19.1.7-13.fc42 100% |  10.6 MiB/s | 653.6 KiB |  00m00s
[23/24] compiler-rt19-0:19.1.7-13.fc42. 100% |   3.3 MiB/s |   2.6 MiB |  00m01s
[24/24] clang19-libs-0:19.1.7-13.fc42.x 100% |  15.7 MiB/s |  27.5 MiB |  00m02s
--------------------------------------------------------------------------------
[24/24] Total                           100% |  21.4 MiB/s |  71.8 MiB |  00m03s
Running transaction
[ 1/29] Verify package files            100% | 152.0   B/s |  24.0   B |  00m00s
[ 2/29] Prepare transaction             100% |  83.0   B/s |  27.0   B |  00m00s
[ 3/29] Installing clang19-resource-fil 100% | 579.0 KiB/s |  16.2 KiB |  00m00s
[ 4/29] Installing yyjson-0:0.11.1-1.fc 100% |  15.0 MiB/s | 245.6 KiB |  00m00s
[ 5/29] Installing llvm19-filesystem-0: 100% |  70.6 KiB/s |   1.1 KiB |  00m00s
[ 6/29] Installing llvm19-libs-0:19.1.7 100% | 500.1 MiB/s | 124.0 MiB |  00m00s
[ 7/29] Installing clang19-libs-0:19.1. 100% | 504.9 MiB/s | 124.2 MiB |  00m00s
[ 8/29] Installing bcc-0:0.33.0-1.fc42. 100% | 125.7 MiB/s |   2.4 MiB |  00m00s
[ 9/29] Installing python3-bcc-0:0.33.0 100% |  40.0 MiB/s | 533.0 KiB |  00m00s
[10/29] Installing libomp19-0:19.1.7-13 100% |  97.3 MiB/s |   1.8 MiB |  00m00s
[11/29] Installing terra-release-extras 100% | 279.3 KiB/s |   2.8 KiB |  00m00s
[12/29] Installing python3-netaddr-0:1. 100% | 228.7 MiB/s |  11.7 MiB |  00m00s
[13/29] Installing bcc-tools-0:0.33.0-1 100% |  59.2 MiB/s |   2.1 MiB |  00m00s
[14/29] Installing system76-scheduler-0 100% | 108.3 MiB/s |   5.4 MiB |  00m00s
[15/29] Installing ultramarine-release- 100% | 177.4 KiB/s |   3.4 KiB |  00m00s
[16/29] Installing ultramarine-repos-0: 100% |  13.5 KiB/s | 124.0   B |  00m00s
[17/29] Installing ultramarine-release- 100% |  72.3 KiB/s | 740.0   B |  00m00s
[18/29] Installing ultramarine-release- 100% |   1.7 MiB/s |  27.6 KiB |  00m00s
[19/29] Installing ultramarine-release- 100% |  11.0 KiB/s | 124.0   B |  00m00s
[20/29] Installing kwin-system76-schedu 100% | 265.8 KiB/s |   7.4 KiB |  00m00s
[21/29] Installing ultramarine-repos-ex 100% | 281.2 KiB/s |   4.2 KiB |  00m00s
[22/29] Installing libomp19-devel-0:19. 100% | 636.0 MiB/s |  31.2 MiB |  00m00s
[23/29] Installing fastfetch-0:2.44.0-1 100% |  48.5 MiB/s |   1.6 MiB |  00m00s
[24/29] Installing compiler-rt19-0:19.1 100% | 518.6 MiB/s |  36.3 MiB |  00m00s
[25/29] Installing golang-github-ultram 100% | 274.3 MiB/s |  11.5 MiB |  00m00s
[26/29] Installing pipewire-systemd-mas 100% |  76.2 KiB/s | 780.0   B |  00m00s
[27/29] Removing fedora-release-common- 100% |   2.4 KiB/s |  29.0   B |  00m00s
[28/29] Removing fedora-release-identit 100% | 333.0   B/s |   5.0   B |  00m00s
[29/29] Removing fedora-release-kde-0:4 100% |  59.0   B/s | 100.0   B |  00m02s
Complete!
+ sudo dnf group install --allowerasing -y ultramarine-kde-product-environment
Updating and loading repositories:
 Terra 42 (Extras)                      100% |   8.2 KiB/s |   6.7 KiB |  00m01s
>>> Librepo error: repomd.xml GPG signature verification error: Signing key not 
 https://repos.fyralabs.com/terra42-ext 100% |   2.2 KiB/s | 843.0   B |  00m00s
Importing OpenPGP key 0xE36BD507:
 UserID     : "Terra 42 - Extras <security@fyralabs.com>"
 Fingerprint: B00B4389AAF8F0361540261C650E6DE6E36BD507
 From       : https://repos.fyralabs.com/terra42-extras/key.asc
The key was successfully imported.
 Terra 42 (Extras)                      100% | 255.7 KiB/s | 132.7 KiB |  00m01s
Repositories loaded.
Package "pipewire-pulseaudio-1.4.5-1.fc42.x86_64" is already installed.
Package "wireplumber-0.5.8-1.fc42.x86_64" is already installed.
Package "pipewire-alsa-1.4.5-1.fc42.x86_64" is already installed.
Package "alsa-utils-1.2.14-1.fc42.x86_64" is already installed.
Package "gstreamer1-plugins-ugly-free-1.26.2-1.fc42.x86_64" is already installed.
Package "gstreamer1-plugins-bad-free-1.26.2-2.fc42.x86_64" is already installed.
Package "gstreamer1-plugins-good-1.26.2-1.fc42.x86_64" is already installed.
Package "pipewire-utils-1.4.5-1.fc42.x86_64" is already installed.
Package "gstreamer1-plugin-openh264-1.26.2-2.fc42.x86_64" is already installed.
Package "PackageKit-gstreamer-plugin-1.2.8-9.fc42.x86_64" is already installed.
Package "alsa-ucm-1.2.14-2.fc42.noarch" is already installed.
Package "gstreamer1-plugin-dav1d-0.13.6-1.fc42.x86_64" is already installed.
Package "gstreamer1-plugin-libav-1.26.2-1.fc42.x86_64" is already installed.
Package "libva-intel-media-driver-25.1.4-1.fc42.x86_64" is already installed.
Package "pipewire-gstreamer-1.4.5-1.fc42.x86_64" is already installed.
Package "ultramarine-repos-extras-42-1.um42.noarch" is already installed.
Package "orca-48.1-1.fc42.noarch" is already installed.
Package "speech-dispatcher-espeak-ng-0.12.1-1.fc42.x86_64" is already installed.
Package "system76-scheduler-2.0.2-1.fc42.x86_64" is already installed.
Package "fastfetch-2.44.0-1.fc42.x86_64" is already installed.
Package "golang-github-ultramarine-linux-um-0.3.0-0.1.um42.x86_64" is already installed.
Package "linux-firmware-20250509-1.fc42.noarch" is already installed.
Package "zstd-1.5.7-1.fc42.x86_64" is already installed.
Package "podman-5:5.5.1-1.fc42.x86_64" is already installed.
Package "sudo-1.9.15-7.p5.fc42.x86_64" is already installed.
Package "curl-8.11.1-4.fc42.x86_64" is already installed.
Package "dhcp-client-12:4.4.3-16.P1.fc42.x86_64" is already installed.
Package "dnf5-5.2.12.0-1.fc42.x86_64" is already installed.
Package "bash-5.2.37-1.fc42.x86_64" is already installed.
Package "coreutils-9.6-4.fc42.x86_64" is already installed.
Package "e2fsprogs-1.47.2-3.fc42.x86_64" is already installed.
Package "less-668-2.fc42.x86_64" is already installed.
Package "openssh-clients-9.9p1-11.fc42.x86_64" is already installed.
Package "openssh-server-9.9p1-11.fc42.x86_64" is already installed.
Package "setup-2.15.0-13.fc42.noarch" is already installed.
Package "shadow-utils-2:4.17.4-1.fc42.x86_64" is already installed.
Package "util-linux-2.40.4-7.fc42.x86_64" is already installed.
Package "audit-4.0.3-2.fc42.x86_64" is already installed.
Package "basesystem-11-22.fc42.noarch" is already installed.
Package "filesystem-3.18-42.fc42.x86_64" is already installed.
Package "glibc-2.41-5.fc42.x86_64" is already installed.
Package "hostname-3.25-2.fc42.x86_64" is already installed.
Package "iproute-6.12.0-3.fc42.x86_64" is already installed.
Package "iputils-20240905-4.fc42.x86_64" is already installed.
Package "kbd-2.7.1-3.fc42.x86_64" is already installed.
Package "man-db-2.13.0-2.fc42.x86_64" is already installed.
Package "ncurses-6.5-5.20250125.fc42.x86_64" is already installed.
Package "parted-3.6-11.fc42.x86_64" is already installed.
Package "policycoreutils-3.8-1.fc42.x86_64" is already installed.
Package "procps-ng-4.0.4-6.fc42.x86_64" is already installed.
Package "rootfiles-8.1-38.fc42.noarch" is already installed.
Package "rpm-4.20.1-1.fc42.x86_64" is already installed.
Package "selinux-policy-targeted-41.43-1.fc42.noarch" is already installed.
Package "sssd-common-2.11.0-1.fc42.x86_64" is already installed.
Package "sssd-kcm-2.11.0-1.fc42.x86_64" is already installed.
Package "systemd-257.6-1.fc42.x86_64" is already installed.
Package "vim-minimal-2:9.1.1435-1.fc42.x86_64" is already installed.
Package "NetworkManager-1:1.52.0-1.fc42.x86_64" is already installed.
Package "dnf5-plugins-5.2.12.0-1.fc42.x86_64" is already installed.
Package "firewalld-2.3.1-1.fc42.noarch" is already installed.
Package "dracut-config-rescue-105-3.fc42.x86_64" is already installed.
Package "fwupd-2.0.11-1.fc42.x86_64" is already installed.
Package "plymouth-24.004.60-18.fc42.x86_64" is already installed.
Package "prefixdevname-0.2.0-6.fc42.x86_64" is already installed.
Package "systemd-resolved-257.6-1.fc42.x86_64" is already installed.
Package "zram-generator-defaults-1.2.1-2.fc42.noarch" is already installed.
Package "speech-dispatcher-0.12.1-1.fc42.x86_64" is already installed.
Package "at-spi2-atk-2.56.2-1.fc42.x86_64" is already installed.
Package "at-spi2-core-2.56.2-1.fc42.x86_64" is already installed.
Package "brltty-6.7-8.fc42.x86_64" is already installed.
Package "orca-48.1-1.fc42.noarch" is already installed.
Package "firefox-139.0.4-1.fc42.x86_64" is already installed.
Package "fedora-bookmarks-28-32.fc42.noarch" is already installed.
Package "libglvnd-gles-1:1.7.0-7.fc42.x86_64" is already installed.
Package "default-fonts-cjk-mono-4.2-4.fc42.noarch" is already installed.
Package "default-fonts-cjk-sans-4.2-4.fc42.noarch" is already installed.
Package "default-fonts-cjk-serif-4.2-4.fc42.noarch" is already installed.
Package "default-fonts-core-emoji-4.2-4.fc42.noarch" is already installed.
Package "default-fonts-core-math-4.2-4.fc42.noarch" is already installed.
Package "default-fonts-core-mono-4.2-4.fc42.noarch" is already installed.
Package "default-fonts-core-sans-4.2-4.fc42.noarch" is already installed.
Package "default-fonts-core-serif-4.2-4.fc42.noarch" is already installed.
Package "default-fonts-other-mono-4.2-4.fc42.noarch" is already installed.
Package "default-fonts-other-sans-4.2-4.fc42.noarch" is already installed.
Package "default-fonts-other-serif-4.2-4.fc42.noarch" is already installed.
Package "qemu-guest-agent-2:9.2.4-1.fc42.x86_64" is already installed.
Package "hyperv-daemons-6.10-1.fc42.x86_64" is already installed.
Package "open-vm-tools-desktop-12.5.2-1.fc42.x86_64" is already installed.
Package "spice-vdagent-0.22.1-8.fc42.x86_64" is already installed.
Package "spice-webdavd-3.0-11.fc42.x86_64" is already installed.
Package "virtualbox-guest-additions-7.1.8-1.fc42.x86_64" is already installed.
Package "amd-gpu-firmware-20250509-1.fc42.noarch" is already installed.
Package "intel-gpu-firmware-20250509-1.fc42.noarch" is already installed.
Package "nvidia-gpu-firmware-20250509-1.fc42.noarch" is already installed.
Package "alsa-sof-firmware-2025.01.1-1.fc42.noarch" is already installed.
Package "atheros-firmware-20250509-1.fc42.noarch" is already installed.
Package "b43-fwcutter-019-38.fc42.x86_64" is already installed.
Package "b43-openfwwf-5.2-45.fc42.noarch" is already installed.
Package "brcmfmac-firmware-20250509-1.fc42.noarch" is already installed.
Package "cirrus-audio-firmware-20250509-1.fc42.noarch" is already installed.
Package "intel-audio-firmware-20250509-1.fc42.noarch" is already installed.
Package "intel-vsc-firmware-20250509-1.fc42.noarch" is already installed.
Package "iwlegacy-firmware-20250509-1.fc42.noarch" is already installed.
Package "iwlwifi-dvm-firmware-20250509-1.fc42.noarch" is already installed.
Package "iwlwifi-mvm-firmware-20250509-1.fc42.noarch" is already installed.
Package "libertas-firmware-20250509-1.fc42.noarch" is already installed.
Package "mt7xxx-firmware-20250509-1.fc42.noarch" is already installed.
Package "nxpwireless-firmware-20250509-1.fc42.noarch" is already installed.
Package "realtek-firmware-20250509-1.fc42.noarch" is already installed.
Package "tiwilink-firmware-20250509-1.fc42.noarch" is already installed.
Package "usb_modeswitch-2.6.2-2.fc42.x86_64" is already installed.
Package "libreoffice-calc-1:25.2.4.3-1.fc42.x86_64" is already installed.
Package "libreoffice-writer-1:25.2.4.3-1.fc42.x86_64" is already installed.
Package "libreoffice-impress-1:25.2.4.3-1.fc42.x86_64" is already installed.
Package "libreoffice-emailmerge-1:25.2.4.3-1.fc42.x86_64" is already installed.
Package "libreoffice-graphicfilter-1:25.2.4.3-1.fc42.x86_64" is already installed.
Package "NetworkManager-wwan-1:1.52.0-1.fc42.x86_64" is already installed.
Package "NetworkManager-bluetooth-1:1.52.0-1.fc42.x86_64" is already installed.
Package "NetworkManager-wifi-1:1.52.0-1.fc42.x86_64" is already installed.
Package "dhcp-client-12:4.4.3-16.P1.fc42.x86_64" is already installed.
Package "dnsmasq-2.90-6.fc42.x86_64" is already installed.
Package "iptables-nft-1.8.11-8.fc42.x86_64" is already installed.
Package "wpa_supplicant-1:2.11-6.fc42.x86_64" is already installed.
Package "ghostscript-10.05.1-3.fc42.x86_64" is already installed.
Package "cups-1:2.4.12-3.fc42.x86_64" is already installed.
Package "cups-filters-1:2.0.1-6.fc42.x86_64" is already installed.
Package "cups-pk-helper-0.2.7-9.fc42.x86_64" is already installed.
Package "samba-client-2:4.22.2-1.fc42.x86_64" is already installed.
Package "nss-mdns-0.15.1-25.fc42.x86_64" is already installed.
Package "bluez-cups-5.83-1.fc42.x86_64" is already installed.
Package "colord-1.4.7-6.fc42.x86_64" is already installed.
Package "cups-browsed-1:2.1.1-4.fc42.x86_64" is already installed.
Package "gutenprint-5.3.5-5.fc42.x86_64" is already installed.
Package "gutenprint-cups-5.3.5-5.fc42.x86_64" is already installed.
Package "hplip-3.25.2-5.fc42.x86_64" is already installed.
Package "mpage-2.5.7-22.fc42.x86_64" is already installed.
Package "paps-0.8.0-13.fc42.x86_64" is already installed.
Package "system-config-printer-udev-1.5.18-12.fc42.x86_64" is already installed.
Package "fprintd-pam-1.94.5-1.fc42.x86_64" is already installed.
Package "default-editor-8.3-3.fc42.noarch" is already installed.
Package "realmd-0.17.1-15.fc42.x86_64" is already installed.
Package "tar-2:1.35-5.fc42.x86_64" is already installed.
Package "bash-color-prompt-0.5-3.fc42.noarch" is already installed.
Package "bzip2-1.0.8-20.fc42.x86_64" is already installed.
Package "cifs-utils-7.2-1.fc42.x86_64" is already installed.
Package "cryptsetup-2.7.5-2.fc42.x86_64" is already installed.
Package "ntfs-3g-2:2022.10.3-9.fc42.x86_64" is already installed.
Package "ntfsprogs-2:2022.10.3-9.fc42.x86_64" is already installed.
Package "sudo-1.9.15-7.p5.fc42.x86_64" is already installed.
Package "unzip-6.0-66.fc42.x86_64" is already installed.
Package "wget2-wget-2.2.0-5.fc42.x86_64" is already installed.
Package "bash-completion-1:2.16-1.fc42.noarch" is already installed.
Package "btrfs-progs-6.14-1.fc42.x86_64" is already installed.
Package "cpio-2.15-4.fc42.x86_64" is already installed.
Package "dosfstools-4.2-15.fc42.x86_64" is already installed.
Package "exfatprogs-1.2.9-1.fc42.x86_64" is already installed.
Package "fpaste-0.5.0.0-2.fc42.noarch" is already installed.
Package "mdadm-4.3-7.fc42.x86_64" is already installed.
Package "mtr-2:0.95-12.fc42.x86_64" is already installed.
Package "nmap-ncat-4:7.92-5.fc42.x86_64" is already installed.
Package "opensc-0.26.1-2.fc42.x86_64" is already installed.
Package "rsync-3.4.1-3.fc42.x86_64" is already installed.
Package "systemd-udev-257.6-1.fc42.x86_64" is already installed.
Package "tcpdump-14:4.99.5-4.fc42.x86_64" is already installed.
Package "which-2.23-1.fc42.x86_64" is already installed.
Package "whois-5.6.2-1.fc42.x86_64" is already installed.
Package "abrt-cli-2.17.6-4.fc42.x86_64" is already installed.
Package "acl-2.3.2-3.fc42.x86_64" is already installed.
Package "amd-ucode-firmware-20250509-1.fc42.noarch" is already installed.
Package "attr-2.5.2-5.fc42.x86_64" is already installed.
Package "bc-1.08.1-2.fc42.x86_64" is already installed.
Package "bind-utils-32:9.18.36-1.fc42.x86_64" is already installed.
Package "compsize-1.5^git20250123.d79eacf-12.fc42.x86_64" is already installed.
Package "cyrus-sasl-plain-2.1.28-30.fc42.x86_64" is already installed.
Package "deltarpm-3.6.5-2.fc42.x86_64" is already installed.
Package "dos2unix-7.5.2-3.fc42.x86_64" is already installed.
Package "ethtool-2:6.14-2.fc42.x86_64" is already installed.
Package "file-5.46-3.fc42.x86_64" is already installed.
Package "gnupg2-2.4.7-2.fc42.x86_64" is already installed.
Package "hunspell-1.7.2-9.fc42.x86_64" is already installed.
Package "iptstate-2.2.7-8.fc42.x86_64" is already installed.
Package "logrotate-3.22.0-3.fc42.x86_64" is already installed.
Package "lsof-4.98.0-7.fc42.x86_64" is already installed.
Package "mailcap-2.1.54-8.fc42.noarch" is already installed.
Package "man-pages-6.9.1-3.fc42.noarch" is already installed.
Package "mcelog-3:175-12.fc42.x86_64" is already installed.
Package "microcode_ctl-2:2.1-70.fc42.x86_64" is already installed.
Package "net-tools-2.0-0.73.20160912git.fc42.x86_64" is already installed.
Package "nfs-utils-1:2.8.3-2.rc2.fc42.x86_64" is already installed.
Package "passwdqc-2.0.3-6.fc42.x86_64" is already installed.
Package "pciutils-3.13.0-7.fc42.x86_64" is already installed.
Package "pinfo-0.6.13-8.fc42.x86_64" is already installed.
Package "plocate-1.1.23-2.fc42.x86_64" is already installed.
Package "psacct-6.6.4-24.fc42.x86_64" is already installed.
Package "quota-1:4.09-8.fc42.x86_64" is already installed.
Package "sos-4.9.1-1.fc42.noarch" is already installed.
Package "symlinks-1.7-12.fc42.x86_64" is already installed.
Package "time-1.9-26.fc42.x86_64" is already installed.
Package "traceroute-3:2.1.6-2.fc42.x86_64" is already installed.
Package "tree-2.2.1-1.fc42.x86_64" is already installed.
Package "usbutils-018-3.fc42.x86_64" is already installed.
Package "words-3.0-61.fc42.noarch" is already installed.
Package "zip-3.0-43.fc42.x86_64" is already installed.
Package "at-3.2.5-14.fc42.x86_64" is already installed.
Package "crontabs-1.11^20190603git9e74f2d-5.fc42.noarch" is already installed.
Package "dbus-1:1.16.0-3.fc42.x86_64" is already installed.
Package "ed-1.21-2.fc42.x86_64" is already installed.
Package "irqbalance-2:1.9.4-6.fc42.x86_64" is already installed.
Package "rsyslog-8.2412.0-3.fc42.x86_64" is already installed.
Package "smartmontools-1:7.5-2.fc42.x86_64" is already installed.
Package "sssd-proxy-2.11.0-1.fc42.x86_64" is already installed.
Package "gwenview-1:25.04.2-1.fc42.x86_64" is already installed.
Package "kate-25.04.2-1.fc42.x86_64" is already installed.
Package "kmail-25.04.2-1.fc42.x86_64" is already installed.
Package "krdp-6.4.0-1.fc42.x86_64" is already installed.
Package "kwin-system76-scheduler-integration-0.1-2.20240425gite00f1b7.fc42.x86_64" is already installed.
Package "ultramarine-release-plasma-42-5.um42.noarch" is already installed.
Package "mesa-dri-drivers-25.0.7-2.fc42.x86_64" is already installed.
Package "plymouth-system-theme-24.004.60-18.fc42.x86_64" is already installed.
Package "mesa-vulkan-drivers-25.0.7-2.fc42.x86_64" is already installed.
Package "NetworkManager-ppp-1:1.52.0-1.fc42.x86_64" is already installed.
Package "sddm-0.21.0-9.fc42.x86_64" is already installed.
Package "plasma-discover-6.4.0-1.fc42.x86_64" is already installed.
Package "bluedevil-6.4.0-1.fc42.x86_64" is already installed.
Package "plasma-desktop-6.4.0-1.fc42.x86_64" is already installed.
Package "kinfocenter-6.4.0-1.fc42.x86_64" is already installed.
Package "kscreen-1:6.4.0-1.fc42.x86_64" is already installed.
Package "kscreenlocker-6.4.0-1.fc42.x86_64" is already installed.
Package "kwin-6.4.0-1.fc42.x86_64" is already installed.
Package "plasma-breeze-6.4.0-1.fc42.x86_64" is already installed.
Package "plasma-nm-6.4.0-1.fc42.x86_64" is already installed.
Package "plasma-thunderbolt-6.4.0-1.fc42.x86_64" is already installed.
Package "plasma-workspace-6.4.0-1.fc42.x86_64" is already installed.
Package "polkit-kde-6.4.0-1.fc42.x86_64" is already installed.
Package "kactivitymanagerd-6.4.0-1.fc42.x86_64" is already installed.
Package "kdecoration-6.4.0-1.fc42.x86_64" is already installed.
Package "layer-shell-qt-6.4.0-1.fc42.x86_64" is already installed.
Package "libheif-1.19.8-1.fc42.x86_64" is already installed.
Package "plasma-integration-6.4.0-1.fc42.x86_64" is already installed.
Package "plasma-systemsettings-6.4.0-1.fc42.x86_64" is already installed.
Package "qt6-qtwayland-6.9.1-1.fc42.x86_64" is already installed.
Package "sddm-0.21.0-9.fc42.x86_64" is already installed.
Package "plasma-desktop-6.4.0-1.fc42.x86_64" is already installed.
Package "plasma-workspace-6.4.0-1.fc42.x86_64" is already installed.
Package "sddm-wayland-plasma-6.4.0-1.fc42.noarch" is already installed.
Package "plasma-workspace-wallpapers-6.4.0-1.fc42.noarch" is already installed.
Package "plasma-workspace-wayland-6.4.0-1.fc42.x86_64" is already installed.
Package "sddm-breeze-6.4.0-1.fc42.noarch" is already installed.
Package "sddm-kcm-6.4.0-1.fc42.x86_64" is already installed.
Package "firewall-config-2.3.1-1.fc42.noarch" is already installed.
Package "fprintd-pam-1.94.5-1.fc42.x86_64" is already installed.
Package "abrt-desktop-2.17.6-4.fc42.x86_64" is already installed.
Package "glibc-all-langpacks-2.41-5.fc42.x86_64" is already installed.
Package "systemd-oomd-defaults-257.6-1.fc42.noarch" is already installed.
Package "toolbox-0.1.2-1.fc42.x86_64" is already installed.
Package "adwaita-gtk2-theme-3.28-22.fc42.x86_64" is already installed.
Package "plasma-discover-6.4.0-1.fc42.x86_64" is already installed.
Package "NetworkManager-config-connectivity-fedora-1:1.52.0-1.fc42.noarch" is already installed.
Package "PackageKit-command-not-found-1.2.8-9.fc42.x86_64" is already installed.
Package "bluedevil-6.4.0-1.fc42.x86_64" is already installed.
Package "cups-pk-helper-0.2.7-9.fc42.x86_64" is already installed.
Package "ark-25.04.2-1.fc42.x86_64" is already installed.
Package "breeze-icon-theme-6.15.0-1.fc42.noarch" is already installed.
Package "kinfocenter-6.4.0-1.fc42.x86_64" is already installed.
Package "kscreen-1:6.4.0-1.fc42.x86_64" is already installed.
Package "kscreenlocker-6.4.0-1.fc42.x86_64" is already installed.
Package "kwin-6.4.0-1.fc42.x86_64" is already installed.
Package "plasma-breeze-6.4.0-1.fc42.x86_64" is already installed.
Package "plasma-discover-notifier-6.4.0-1.fc42.x86_64" is already installed.
Package "plasma-nm-6.4.0-1.fc42.x86_64" is already installed.
Package "plasma-thunderbolt-6.4.0-1.fc42.x86_64" is already installed.
Package "polkit-kde-6.4.0-1.fc42.x86_64" is already installed.
Package "spectacle-1:6.4.0-1.fc42.x86_64" is already installed.
Package "vlc-plugin-gstreamer-1:3.0.21-19.fc42.x86_64" is already installed.
Package "akonadi-server-25.04.2-1.fc42.x86_64" is already installed.
Package "akonadi-server-mysql-25.04.2-1.fc42.x86_64" is already installed.
Package "audiocd-kio-25.04.2-1.fc42.x86_64" is already installed.
Package "colord-kde-25.04.2-1.fc42.x86_64" is already installed.
Package "dolphin-25.04.2-1.fc42.x86_64" is already installed.
Package "ffmpegthumbs-25.04.2-1.fc42.x86_64" is already installed.
Package "filelight-1:25.04.2-1.fc42.x86_64" is already installed.
Package "flatpak-kcm-6.4.0-1.fc42.x86_64" is already installed.
Package "kaccounts-integration-qt6-25.04.2-1.fc42.x86_64" is already installed.
Package "kaccounts-providers-25.04.2-1.fc42.x86_64" is already installed.
Package "kcharselect-25.04.2-1.fc42.x86_64" is already installed.
Package "kde-connect-25.04.2-1.fc42.x86_64" is already installed.
Package "kde-gtk-config-6.4.0-1.fc42.x86_64" is already installed.
Package "kde-inotify-survey-25.04.2-1.fc42.x86_64" is already installed.
Package "kde-partitionmanager-25.04.2-1.fc42.x86_64" is already installed.
Package "kde-settings-pulseaudio-42.0-3.fc42.noarch" is already installed.
Package "kdebugsettings-25.04.2-1.fc42.x86_64" is already installed.
Package "kdegraphics-thumbnailers-25.04.2-1.fc42.x86_64" is already installed.
Package "kdenetwork-filesharing-25.04.2-1.fc42.x86_64" is already installed.
Package "kdeplasma-addons-6.4.0-1.fc42.x86_64" is already installed.
Package "kdialog-25.04.2-1.fc42.x86_64" is already installed.
Package "kdnssd-25.04.2-1.fc42.x86_64" is already installed.
Package "kf6-baloo-file-6.15.0-1.fc42.x86_64" is already installed.
Package "kfind-25.04.2-1.fc42.x86_64" is already installed.
Package "khelpcenter-1:25.04.2-1.fc42.x86_64" is already installed.
Package "kio-admin-25.04.2-1.fc42.x86_64" is already installed.
Package "kio-gdrive-25.04.2-1.fc42.x86_64" is already installed.
Package "kjournald-25.04.2-1.fc42.x86_64" is already installed.
Package "kmenuedit-6.4.0-1.fc42.x86_64" is already installed.
Package "konsole-25.04.2-1.fc42.x86_64" is already installed.
Package "krdp-6.4.0-1.fc42.x86_64" is already installed.
Package "krfb-25.04.2-1.fc42.x86_64" is already installed.
Package "ksshaskpass-6.4.0-1.fc42.x86_64" is already installed.
Package "kwalletmanager5-25.04.2-1.fc42.x86_64" is already installed.
Package "kwebkitpart-1.4.0-0.19.20190110.fc42.x86_64" is already installed.
Package "kwrite-25.04.2-1.fc42.x86_64" is already installed.
Package "libappindicator-gtk3-12.10.1-8.fc42.x86_64" is already installed.
Package "pam-kwallet-6.4.0-1.fc42.x86_64" is already installed.
Package "phonon-qt6-backend-vlc-0.12.0-6.fc42.x86_64" is already installed.
Package "pinentry-qt-1.3.1-3.fc42.x86_64" is already installed.
Package "plasma-desktop-doc-6.4.0-1.fc42.noarch" is already installed.
Package "plasma-disks-6.4.0-1.fc42.x86_64" is already installed.
Package "plasma-drkonqi-6.4.0-1.fc42.x86_64" is already installed.
Package "plasma-nm-l2tp-6.4.0-1.fc42.x86_64" is already installed.
Package "plasma-nm-openconnect-6.4.0-1.fc42.x86_64" is already installed.
Package "plasma-nm-openswan-6.4.0-1.fc42.x86_64" is already installed.
Package "plasma-nm-openvpn-6.4.0-1.fc42.x86_64" is already installed.
Package "plasma-nm-pptp-6.4.0-1.fc42.x86_64" is already installed.
Package "plasma-nm-vpnc-6.4.0-1.fc42.x86_64" is already installed.
Package "plasma-pa-6.4.0-1.fc42.x86_64" is already installed.
Package "plasma-print-manager-6.4.0-1.fc42.x86_64" is already installed.
Package "plasma-systemmonitor-6.4.0-1.fc42.x86_64" is already installed.
Package "plasma-vault-6.4.0-1.fc42.x86_64" is already installed.
Package "plasma-welcome-6.4.0-1.fc42.x86_64" is already installed.
Package "samba-usershares-2:4.22.2-1.fc42.noarch" is already installed.
Package "signon-kwallet-extension-25.04.2-1.fc42.x86_64" is already installed.
Package "udisks2-2.10.90-2.fc42.x86_64" is already installed.
Package "xwaylandvideobridge-0.4.0-9.fc42.x86_64" is already installed.

Package                                      Arch   Version                                                                         Repository                            Size
Removing dependent packages:
 desktop-backgrounds-compat                  noarch 42.0.0-2.fc42                                                                   781e4eb56ba449a5876af2cc084d758e 317.0   B
Upgrading:
 dnf5                                        x86_64 5.2.13.1-1.fc42                                                                 updates                            2.4 MiB
   replacing dnf5                            x86_64 5.2.12.0-1.fc42                                                                 fedora                             2.3 MiB
 dnf5-plugins                                x86_64 5.2.13.1-1.fc42                                                                 updates                            1.2 MiB
   replacing dnf5-plugins                    x86_64 5.2.12.0-1.fc42                                                                 fedora                             1.2 MiB
 kde-settings                                noarch 1:42-5.um42                                                                     ultramarine                       18.5 KiB
   replacing kde-settings                    noarch 42.0-3.fc42                                                                     781e4eb56ba449a5876af2cc084d758e  69.4 KiB
 kde-settings-plasma                         noarch 1:42-5.um42                                                                     ultramarine                        7.2 KiB
   replacing kde-settings-plasma             noarch 42.0-3.fc42                                                                     781e4eb56ba449a5876af2cc084d758e   6.7 KiB
 kde-settings-pulseaudio                     noarch 1:42-5.um42                                                                     ultramarine                        0.0   B
   replacing kde-settings-pulseaudio         noarch 42.0-3.fc42                                                                     781e4eb56ba449a5876af2cc084d758e   0.0   B
 libdnf5                                     x86_64 5.2.13.1-1.fc42                                                                 updates                            3.7 MiB
   replacing libdnf5                         x86_64 5.2.12.0-1.fc42                                                                 fedora                             3.6 MiB
 libdnf5-cli                                 x86_64 5.2.13.1-1.fc42                                                                 updates                          879.2 KiB
   replacing libdnf5-cli                     x86_64 5.2.12.0-1.fc42                                                                 fedora                           867.6 KiB
 libdnf5-plugin-expired-pgp-keys             x86_64 5.2.13.1-1.fc42                                                                 updates                           82.5 KiB
   replacing libdnf5-plugin-expired-pgp-keys x86_64 5.2.12.0-1.fc42                                                                 fedora                            82.5 KiB
Installing group/module packages:
 NetworkManager-tui                          x86_64 1:1.52.0-1.fc42                                                                 fedora                           711.8 KiB
 fcitx5-configtool                           x86_64 5.1.9-1.fc42                                                                    updates                          924.0 KiB
 fcitx5-gtk                                  x86_64 5.1.3-4.fc42                                                                    fedora                            74.5 KiB
 fcitx5-mozc                                 x86_64 2.30.5618.102-3.20250124gitc0ed34e.s20250101gite5b3425.s20250101gitv3.29.1.fc42 fedora                            26.7 MiB
 fcitx5-qt                                   x86_64 5.1.9-7.fc42                                                                    updates                           26.0 KiB
 ffmpegthumbnailer                           x86_64 2.2.3-2.fc42                                                                    fedora                            51.7 KiB
 git                                         x86_64 2.49.0-1.fc42                                                                   fedora                            85.3 KiB
 ibus-mozc                                   x86_64 2.29.5111.102-12.fc42                                                           fedora                             1.1 MiB
 icoextract-thumbnailer                      noarch 0.2.0-1.fc42                                                                    terra                            191.0   B
 kcm-fcitx5                                  x86_64 5.1.9-1.fc42                                                                    updates                          568.1 KiB
 kwayland-integration                        x86_64 6.4.0-1.fc42                                                                    updates                          210.6 KiB
 mozc                                        x86_64 2.29.5111.102-12.fc42                                                           fedora                            23.3 MiB
 sipa-fonts                                  noarch 20200217-3.fc42                                                                 terra                              7.9 KiB
 ultramarine-appstream-metadata              noarch 20250607-1.um42                                                                 ultramarine                        1.9 KiB
 ultramarine-backgrounds-common              noarch 42.1-1.um42                                                                     ultramarine                      136.7 MiB
 ultramarine-backgrounds-compat              noarch 42.1-1.um42                                                                     ultramarine                      522.0   B
 ultramarine-fun                             noarch 42-1.um42                                                                       ultramarine                        1.3 KiB
 ultramarine-phony-bookmarks                 noarch 0-6.um42                                                                        ultramarine                        0.0   B
   replacing fedora-bookmarks                noarch 28-32.fc42                                                                      781e4eb56ba449a5876af2cc084d758e  94.1 KiB
 ultramarine-release                         noarch 42-5.um42                                                                       ultramarine                        0.0   B
 ultramarine-shell-config                    noarch 1.2.6-1.um42                                                                    ultramarine                        4.1 KiB
 ultramarine-system-configs-core             noarch 1.1-1.um42                                                                      ultramarine                      549.0   B
 ultramarine-system-configs-desktop          noarch 1.1-1.um42                                                                      ultramarine                      744.0   B
Installing dependencies:
 bat                                         x86_64 0.25.0-2.fc42                                                                   updates                            5.6 MiB
 fcitx5                                      x86_64 5.1.12-1.fc42                                                                   fedora                             4.6 MiB
 fcitx5-data                                 noarch 5.1.12-1.fc42                                                                   fedora                            10.7 MiB
 fcitx5-gtk2                                 x86_64 5.1.3-4.fc42                                                                    fedora                            55.5 KiB
 fcitx5-gtk3                                 x86_64 5.1.3-4.fc42                                                                    fedora                           120.7 KiB
 fcitx5-gtk4                                 x86_64 5.1.3-4.fc42                                                                    fedora                           120.6 KiB
 fcitx5-libs                                 x86_64 5.1.12-1.fc42                                                                   fedora                             1.7 MiB
 fcitx5-qt-libfcitx5qt6widgets               x86_64 5.1.9-7.fc42                                                                    updates                          103.3 KiB
 fcitx5-qt-libfcitx5qtdbus                   x86_64 5.1.9-7.fc42                                                                    updates                          275.4 KiB
 fcitx5-qt-qt6gui                            x86_64 5.1.9-7.fc42                                                                    updates                          261.0 KiB
 fcitx5-qt5                                  x86_64 5.1.9-7.fc42                                                                    updates                          268.9 KiB
 fcitx5-qt6                                  x86_64 5.1.9-7.fc42                                                                    updates                          746.1 KiB
 ffmpegthumbnailer-libs                      x86_64 2.2.3-2.fc42                                                                    fedora                           262.7 KiB
 fzf                                         x86_64 0.62.0-1.fc42                                                                   updates                            4.5 MiB
 git-core-doc                                noarch 2.49.0-1.fc42                                                                   fedora                            17.6 MiB
 newt                                        x86_64 0.52.25-1.fc42                                                                  fedora                           213.7 KiB
 perl-Error                                  noarch 1:0.17030-1.fc42                                                                fedora                            76.7 KiB
 perl-File-Find                              noarch 1.44-517.fc42                                                                   updates                           41.9 KiB
 perl-Git                                    noarch 2.49.0-1.fc42                                                                   fedora                            64.0 KiB
 perl-TermReadKey                            x86_64 2.38-24.fc42                                                                    fedora                            64.0 KiB
 perl-lib                                    x86_64 0.65-517.fc42                                                                   updates                            8.5 KiB
 python3-icoextract                          noarch 0.1.5-1.fc42                                                                    fedora                            47.1 KiB
 python3-pefile                              noarch 2024.8.26-2.fc42                                                                fedora                           651.3 KiB
 starship                                    x86_64 1.23.0-1.fc42                                                                   terra                             11.4 MiB
 ultramarine-backgrounds-kde                 noarch 42.1-1.um42                                                                     ultramarine                       10.2 KiB
 ultramarine-plasma-theme                    noarch 1:42-5.um42                                                                     ultramarine                      534.6 KiB
 xcb-imdkit                                  x86_64 1.0.9-4.fc42                                                                    fedora                           544.5 KiB
 xrefresh                                    x86_64 1.1.0-2.fc42                                                                    fedora                            43.0 KiB
 zinnia                                      x86_64 0.06-72.fc42                                                                    fedora                           139.8 KiB
Installing weak dependencies:
 th-baijam-fonts                             noarch 20200217-3.fc42                                                                 terra                            366.1 KiB
 th-chakra-fonts                             noarch 20200217-3.fc42                                                                 terra                            296.1 KiB
 th-charm-fonts                              noarch 20200217-3.fc42                                                                 terra                            735.4 KiB
 th-charmonman-fonts                         noarch 20200217-3.fc42                                                                 terra                            486.7 KiB
 th-fahkwang-fonts                           noarch 20200217-3.fc42                                                                 terra                            540.0 KiB
 th-k2d-july8-fonts                          noarch 20200217-3.fc42                                                                 terra                            366.9 KiB
 th-kodchasal-fonts                          noarch 20200217-3.fc42                                                                 terra                            421.7 KiB
 th-koho-fonts                               noarch 20200217-3.fc42                                                                 terra                            402.8 KiB
 th-krub-fonts                               noarch 20200217-3.fc42                                                                 terra                            580.0 KiB
 th-mali-grade6-fonts                        noarch 20200217-3.fc42                                                                 terra                            620.1 KiB
 th-niramit-as-fonts                         noarch 20200217-3.fc42                                                                 terra                            406.6 KiB
 th-sarabunnew-fonts                         noarch 20200217-3.fc42                                                                 terra                              1.0 MiB
 th-srisakdi-fonts                           noarch 20200217-3.fc42                                                                 terra                            296.1 KiB
 zinnia-tomoe-ja                             x86_64 0.06-72.fc42                                                                    fedora                            24.7 MiB
Installing groups dependencies:
 Ultramarine common packages                                                                                                                                                  
 Ultramarine Plasma product core                                                                                                                                              
 Ultramarine Desktop common packages                                                                                                                                          
 Standard                                                                                                                                                                     
 Printing Support                                                                                                                                                             
 Common NetworkManager Submodules                                                                                                                                             
 Multimedia                                                                                                                                                                   
 LibreOffice                                                                                                                                                                  
 KDE                                                                                                                                                                          
 Hardware Support                                                                                                                                                             
 Guest Desktop Agents                                                                                                                                                         
 Fonts                                                                                                                                                                        
 Firefox Web Browser                                                                                                                                                          
 Desktop accessibility                                                                                                                                                        
 Critical Path (KDE)                                                                                                                                                          
 Core                                                                                                                                                                         
 Container Management                                                                                                                                                         
 base-graphical                                                                                                                                                               
Installing environmental groups:
 Ultramarine plasma (legacy)                                                                                                                                                  

Transaction Summary:
 Installing:        65 packages
 Upgrading:          8 packages
 Replacing:          9 packages
 Removing:           1 package

Total size of inbound packages is 203 MiB. Need to download 203 MiB.
After this operation, 282 MiB extra will be used (install 291 MiB, remove 8 MiB).
[ 1/73] ffmpegthumbnailer-0:2.2.3-2.fc4 100% | 102.9 KiB/s |  28.3 KiB |  00m00s
[ 2/73] icoextract-thumbnailer-0:0.2.0- 100% |  51.5 KiB/s |   7.2 KiB |  00m00s
[ 3/73] ibus-mozc-0:2.29.5111.102-12.fc 100% | 768.4 KiB/s | 330.4 KiB |  00m00s
[ 4/73] sipa-fonts-0:20200217-3.fc42.no 100% |  93.6 KiB/s |   9.7 KiB |  00m00s
[ 5/73] ultramarine-backgrounds-compat- 100% |  69.6 KiB/s |   8.5 KiB |  00m00s
[ 6/73] ultramarine-system-configs-desk 100% |  47.0 KiB/s |   7.6 KiB |  00m00s
[ 7/73] NetworkManager-tui-1:1.52.0-1.f 100% | 888.5 KiB/s | 227.4 KiB |  00m00s
[ 8/73] mozc-0:2.29.5111.102-12.fc42.x8 100% |  19.4 MiB/s |  14.5 MiB |  00m01s
[ 9/73] git-0:2.49.0-1.fc42.x86_64      100% | 339.7 KiB/s |  51.3 KiB |  00m00s
[10/73] ultramarine-fun-0:42-1.um42.noa 100% |  87.9 KiB/s |   8.3 KiB |  00m00s
[11/73] ultramarine-release-0:42-5.um42 100% |  49.2 KiB/s |   6.5 KiB |  00m00s
[12/73] ultramarine-phony-bookmarks-0:0 100% |  40.3 KiB/s |   6.8 KiB |  00m00s
[13/73] ultramarine-system-configs-core 100% |  41.4 KiB/s |   7.4 KiB |  00m00s
[14/73] ultramarine-shell-config-0:1.2. 100% |  46.6 KiB/s |   9.5 KiB |  00m00s
[15/73] ultramarine-appstream-metadata- 100% |  57.4 KiB/s |   7.7 KiB |  00m00s
[16/73] fcitx5-configtool-0:5.1.9-1.fc4 100% | 884.0 KiB/s | 302.3 KiB |  00m00s
[17/73] fcitx5-mozc-0:2.30.5618.102-3.2 100% |  24.8 MiB/s |  14.3 MiB |  00m01s
[18/73] fcitx5-gtk-0:5.1.3-4.fc42.x86_6 100% | 356.4 KiB/s |  34.9 KiB |  00m00s
[19/73] fcitx5-qt-0:5.1.9-7.fc42.x86_64 100% | 286.1 KiB/s |  20.0 KiB |  00m00s
[20/73] kwayland-integration-0:6.4.0-1. 100% |   1.8 MiB/s |  69.4 KiB |  00m00s
[21/73] kcm-fcitx5-0:5.1.9-1.fc42.x86_6 100% |   1.0 MiB/s | 208.1 KiB |  00m00s
[22/73] ffmpegthumbnailer-libs-0:2.2.3- 100% | 864.2 KiB/s | 102.0 KiB |  00m00s
[23/73] xrefresh-0:1.1.0-2.fc42.x86_64  100% | 343.9 KiB/s |  24.4 KiB |  00m00s
[24/73] python3-icoextract-0:0.1.5-1.fc 100% | 338.0 KiB/s |  31.4 KiB |  00m00s
[25/73] newt-0:0.52.25-1.fc42.x86_64    100% |   1.3 MiB/s | 114.7 KiB |  00m00s
[26/73] perl-Git-0:2.49.0-1.fc42.noarch 100% | 633.4 KiB/s |  38.0 KiB |  00m00s
[27/73] perl-TermReadKey-0:2.38-24.fc42 100% | 459.9 KiB/s |  35.4 KiB |  00m00s
[28/73] git-core-doc-0:2.49.0-1.fc42.no 100% |  10.9 MiB/s |   3.0 MiB |  00m00s
[29/73] fcitx5-0:5.1.12-1.fc42.x86_64   100% |   6.1 MiB/s |   1.3 MiB |  00m00s
[30/73] fcitx5-data-0:5.1.12-1.fc42.noa 100% |  18.6 MiB/s |   6.7 MiB |  00m00s
[31/73] starship-0:1.23.0-1.fc42.x86_64 100% |   4.4 MiB/s |   3.8 MiB |  00m01s
[32/73] fcitx5-libs-0:5.1.12-1.fc42.x86 100% |   2.7 MiB/s | 609.1 KiB |  00m00s
[33/73] python3-pefile-0:2024.8.26-2.fc 100% |   1.1 MiB/s | 174.6 KiB |  00m00s
[34/73] perl-Error-1:0.17030-1.fc42.noa 100% | 258.8 KiB/s |  40.4 KiB |  00m00s
[35/73] xcb-imdkit-0:1.0.9-4.fc42.x86_6 100% |   3.2 MiB/s | 330.8 KiB |  00m00s
[36/73] fcitx5-qt6-0:5.1.9-7.fc42.x86_6 100% |   1.5 MiB/s | 245.1 KiB |  00m00s
[37/73] ultramarine-backgrounds-kde-0:4 100% | 194.9 KiB/s |  32.9 KiB |  00m00s
[38/73] bat-0:0.25.0-2.fc42.x86_64      100% |  13.3 MiB/s |   2.6 MiB |  00m00s
[39/73] ultramarine-plasma-theme-1:42-5 100% |   1.1 MiB/s | 465.3 KiB |  00m00s
[40/73] fzf-0:0.62.0-1.fc42.x86_64      100% |  12.7 MiB/s |   1.6 MiB |  00m00s
[41/73] perl-File-Find-0:1.44-517.fc42. 100% | 824.3 KiB/s |  25.6 KiB |  00m00s
[42/73] fcitx5-qt-libfcitx5qt6widgets-0 100% |   1.0 MiB/s |  46.8 KiB |  00m00s
[43/73] perl-lib-0:0.65-517.fc42.x86_64 100% | 147.4 KiB/s |  15.2 KiB |  00m00s
[44/73] fcitx5-qt-qt6gui-0:5.1.9-7.fc42 100% |   1.9 MiB/s |  96.4 KiB |  00m00s
[45/73] fcitx5-gtk3-0:5.1.3-4.fc42.x86_ 100% | 332.4 KiB/s |  52.9 KiB |  00m00s
[46/73] fcitx5-gtk4-0:5.1.3-4.fc42.x86_ 100% | 255.6 KiB/s |  51.4 KiB |  00m00s
[47/73] fcitx5-qt5-0:5.1.9-7.fc42.x86_6 100% |   1.8 MiB/s | 105.3 KiB |  00m00s
[48/73] fcitx5-qt-libfcitx5qtdbus-0:5.1 100% |   2.0 MiB/s |  98.8 KiB |  00m00s
[49/73] fcitx5-gtk2-0:5.1.3-4.fc42.x86_ 100% | 304.5 KiB/s |  26.8 KiB |  00m00s
[50/73] th-baijam-fonts-0:20200217-3.fc 100% | 291.9 KiB/s | 108.3 KiB |  00m00s
[51/73] zinnia-tomoe-ja-0:0.06-72.fc42. 100% |  23.7 MiB/s |  14.1 MiB |  00m01s
[52/73] th-chakra-fonts-0:20200217-3.fc 100% | 220.1 KiB/s |  82.7 KiB |  00m00s
[53/73] th-charm-fonts-0:20200217-3.fc4 100% | 680.7 KiB/s | 232.1 KiB |  00m00s
[54/73] th-charmonman-fonts-0:20200217- 100% | 449.6 KiB/s | 146.1 KiB |  00m00s
[55/73] th-fahkwang-fonts-0:20200217-3. 100% | 443.3 KiB/s | 145.4 KiB |  00m00s
[56/73] th-k2d-july8-fonts-0:20200217-3 100% | 339.3 KiB/s | 108.6 KiB |  00m00s
[57/73] th-kodchasal-fonts-0:20200217-3 100% | 397.6 KiB/s | 141.5 KiB |  00m00s
[58/73] th-koho-fonts-0:20200217-3.fc42 100% | 359.4 KiB/s | 136.9 KiB |  00m00s
[59/73] th-krub-fonts-0:20200217-3.fc42 100% | 336.7 KiB/s | 146.1 KiB |  00m00s
[60/73] th-mali-grade6-fonts-0:20200217 100% | 571.7 KiB/s | 246.4 KiB |  00m00s
[61/73] th-niramit-as-fonts-0:20200217- 100% | 372.1 KiB/s | 129.8 KiB |  00m00s
[62/73] th-sarabunnew-fonts-0:20200217- 100% | 823.2 KiB/s | 296.4 KiB |  00m00s
[63/73] th-srisakdi-fonts-0:20200217-3. 100% | 408.2 KiB/s | 139.6 KiB |  00m00s
[64/73] zinnia-0:0.06-72.fc42.x86_64    100% | 278.5 KiB/s |  65.5 KiB |  00m00s
[65/73] dnf5-plugins-0:5.2.13.1-1.fc42. 100% |   2.2 MiB/s | 457.5 KiB |  00m00s
[66/73] dnf5-0:5.2.13.1-1.fc42.x86_64   100% |   2.9 MiB/s | 873.2 KiB |  00m00s
[67/73] libdnf5-0:5.2.13.1-1.fc42.x86_6 100% |  12.8 MiB/s |   1.2 MiB |  00m00s
[68/73] libdnf5-cli-0:5.2.13.1-1.fc42.x 100% |   7.1 MiB/s | 355.4 KiB |  00m00s
[69/73] ultramarine-backgrounds-common- 100% |  16.3 MiB/s | 132.3 MiB |  00m08s
[70/73] kde-settings-pulseaudio-1:42-5. 100% |  21.4 KiB/s |   8.8 KiB |  00m00s
[71/73] kde-settings-1:42-5.um42.noarch 100% |  94.7 KiB/s |  24.7 KiB |  00m00s
[72/73] kde-settings-plasma-1:42-5.um42 100% | 496.0 KiB/s |  12.9 KiB |  00m00s
[73/73] libdnf5-plugin-expired-pgp-keys 100% |   2.5 MiB/s | 102.9 KiB |  00m00s
--------------------------------------------------------------------------------
[73/73] Total                           100% |  21.9 MiB/s | 203.3 MiB |  00m09s
Running transaction
[ 1/85] Verify package files            100% | 146.0   B/s |  73.0   B |  00m00s
[ 2/85] Prepare transaction             100% | 226.0   B/s |  83.0   B |  00m00s
[ 3/85] Installing fcitx5-libs-0:5.1.12 100% |  54.6 MiB/s |   1.7 MiB |  00m00s
[ 4/85] Upgrading libdnf5-0:5.2.13.1-1. 100% | 118.2 MiB/s |   3.7 MiB |  00m00s
[ 5/85] Installing fcitx5-qt6-0:5.1.9-7 100% |  31.8 MiB/s | 748.2 KiB |  00m00s
[ 6/85] Installing fcitx5-gtk3-0:5.1.3- 100% |   5.7 MiB/s | 121.9 KiB |  00m00s
[ 7/85] Installing fcitx5-gtk4-0:5.1.3- 100% |   5.4 MiB/s | 121.7 KiB |  00m00s
[ 8/85] Installing fcitx5-gtk2-0:5.1.3- 100% |   2.9 MiB/s |  56.6 KiB |  00m00s
[ 9/85] Installing fcitx5-gtk-0:5.1.3-4 100% |   6.2 MiB/s |  76.0 KiB |  00m00s
[10/85] Upgrading libdnf5-cli-0:5.2.13. 100% |  35.9 MiB/s | 883.3 KiB |  00m00s
[11/85] Installing fcitx5-qt-libfcitx5q 100% |   8.5 MiB/s | 104.5 KiB |  00m00s
[12/85] Upgrading kde-settings-1:42-5.u 100% |   1.6 MiB/s |  28.1 KiB |  00m00s
[13/85] Installing ultramarine-backgrou 100% | 602.4 MiB/s | 136.8 MiB |  00m00s
[14/85] Installing ultramarine-backgrou 100% |   2.3 MiB/s |  42.8 KiB |  00m00s
[15/85] Installing fcitx5-qt-qt6gui-0:5 100% |  17.2 MiB/s | 264.5 KiB |  00m00s
[16/85] Upgrading dnf5-0:5.2.13.1-1.fc4 100% |  41.6 MiB/s |   2.5 MiB |  00m00s
[17/85] Installing zinnia-0:0.06-72.fc4 100% |  13.8 MiB/s | 141.0 KiB |  00m00s
[18/85] Installing fcitx5-qt-libfcitx5q 100% |  22.5 MiB/s | 276.5 KiB |  00m00s
[19/85] Installing fcitx5-qt5-0:5.1.9-7 100% |   9.8 MiB/s | 270.1 KiB |  00m00s
[20/85] Installing perl-lib-0:0.65-517. 100% | 989.1 KiB/s |   8.9 KiB |  00m00s
[21/85] Installing perl-File-Find-0:1.4 100% |   4.6 MiB/s |  42.5 KiB |  00m00s
[22/85] Installing fzf-0:0.62.0-1.fc42. 100% |  96.6 MiB/s |   4.5 MiB |  00m00s
[23/85] Installing bat-0:0.25.0-2.fc42. 100% | 174.2 MiB/s |   5.6 MiB |  00m00s
[24/85] Installing ultramarine-plasma-t 100% |  40.9 MiB/s | 544.3 KiB |  00m00s
[25/85] Installing xcb-imdkit-0:1.0.9-4 100% |  44.4 MiB/s | 545.9 KiB |  00m00s
[26/85] Installing fcitx5-data-0:5.1.12 100% | 238.5 MiB/s |  10.7 MiB |  00m00s
[27/85] Installing fcitx5-0:5.1.12-1.fc 100% |  97.8 MiB/s |   4.6 MiB |  00m00s
[28/85] Installing perl-Error-1:0.17030 100% |   7.8 MiB/s |  80.0 KiB |  00m00s
[29/85] Installing python3-pefile-0:202 100% |  58.3 MiB/s | 656.4 KiB |  00m00s
[30/85] Installing python3-icoextract-0 100% |   2.4 MiB/s |  53.7 KiB |  00m00s
[31/85] Installing starship-0:1.23.0-1. 100% | 228.0 MiB/s |  11.4 MiB |  00m00s
[32/85] Installing perl-TermReadKey-0:2 100% |   5.4 MiB/s |  66.2 KiB |  00m00s
[33/85] Installing git-core-doc-0:2.49. 100% | 160.2 MiB/s |  17.8 MiB |  00m00s
[34/85] Installing perl-Git-0:2.49.0-1. 100% |   6.3 MiB/s |  65.0 KiB |  00m00s
[35/85] Installing git-0:2.49.0-1.fc42. 100% |   6.1 MiB/s |  87.5 KiB |  00m00s
[36/85] Installing newt-0:0.52.25-1.fc4 100% |   4.4 MiB/s | 226.9 KiB |  00m00s
[37/85] Installing xrefresh-0:1.1.0-2.f 100% |   2.1 MiB/s |  44.6 KiB |  00m00s
[38/85] Installing ffmpegthumbnailer-li 100% |  18.4 MiB/s | 263.8 KiB |  00m00s
[39/85] Installing mozc-0:2.29.5111.102 100% | 298.7 MiB/s |  23.3 MiB |  00m00s
[40/85] Installing ibus-mozc-0:2.29.511 100% |  79.6 MiB/s |   1.1 MiB |  00m00s
[41/85] Installing ffmpegthumbnailer-0: 100% |   2.7 MiB/s |  53.4 KiB |  00m00s
[42/85] Installing NetworkManager-tui-1 100% |  30.3 MiB/s | 713.5 KiB |  00m00s
[43/85] Installing ultramarine-shell-co 100% | 216.7 KiB/s |   5.0 KiB |  00m00s
[44/85] Installing icoextract-thumbnail 100% |  52.1 KiB/s | 480.0   B |  00m00s
[45/85] Installing fcitx5-mozc-0:2.30.5 100% | 325.7 MiB/s |  26.7 MiB |  00m00s
[46/85] Upgrading kde-settings-plasma-1 100% | 846.9 KiB/s |   9.3 KiB |  00m00s
[47/85] Installing fcitx5-qt-0:5.1.9-7. 100% |   2.9 MiB/s |  26.7 KiB |  00m00s
[48/85] Installing zinnia-tomoe-ja-0:0. 100% | 249.3 MiB/s |  24.7 MiB |  00m00s
[49/85] Upgrading dnf5-plugins-0:5.2.13 100% |  48.3 MiB/s |   1.3 MiB |  00m00s
[50/85] Installing fcitx5-configtool-0: 100% |  34.9 MiB/s | 928.1 KiB |  00m00s
[51/85] Installing ultramarine-backgrou 100% | 248.0 KiB/s |   2.5 KiB |  00m00s
[52/85] Upgrading kde-settings-pulseaud 100% |  15.1 KiB/s | 124.0   B |  00m00s
[53/85] Installing kcm-fcitx5-0:5.1.9-1 100% |  20.7 MiB/s | 571.8 KiB |  00m00s
[54/85] Upgrading libdnf5-plugin-expire 100% |   8.2 MiB/s |  83.7 KiB |  00m00s
[55/85] Installing th-srisakdi-fonts-0: 100% |  26.4 MiB/s | 296.8 KiB |  00m00s
[56/85] Installing th-sarabunnew-fonts- 100% |  65.0 MiB/s |   1.0 MiB |  00m00s
[57/85] Installing th-niramit-as-fonts- 100% |  23.4 MiB/s | 407.6 KiB |  00m00s
[58/85] Installing th-mali-grade6-fonts 100% |  55.1 MiB/s | 621.1 KiB |  00m00s
[59/85] Installing th-krub-fonts-0:2020 100% |  56.7 MiB/s | 581.0 KiB |  00m00s
[60/85] Installing th-koho-fonts-0:2020 100% |  39.4 MiB/s | 403.8 KiB |  00m00s
[61/85] Installing th-kodchasal-fonts-0 100% |  20.6 MiB/s | 422.8 KiB |  00m00s
[62/85] Installing th-k2d-july8-fonts-0 100% |  27.6 MiB/s | 367.9 KiB |  00m00s
[63/85] Installing th-fahkwang-fonts-0: 100% |  52.8 MiB/s | 541.0 KiB |  00m00s
[64/85] Installing th-charmonman-fonts- 100% |  36.6 MiB/s | 487.5 KiB |  00m00s
[65/85] Installing th-charm-fonts-0:202 100% |  36.0 MiB/s | 736.3 KiB |  00m00s
[66/85] Installing th-chakra-fonts-0:20 100% |  22.3 MiB/s | 297.1 KiB |  00m00s
[67/85] Installing th-baijam-fonts-0:20 100% |  32.6 MiB/s | 367.1 KiB |  00m00s
[68/85] Installing kwayland-integration 100% |  17.3 MiB/s | 212.5 KiB |  00m00s
[69/85] Installing ultramarine-appstrea 100% | 168.6 KiB/s |   2.2 KiB |  00m00s
[70/85] Installing ultramarine-system-c 100% |  72.7 KiB/s | 968.0   B |  00m00s
[71/85] Installing ultramarine-release- 100% |  11.0 KiB/s | 124.0   B |  00m00s
[72/85] Installing ultramarine-phony-bo 100% |  10.1 KiB/s | 124.0   B |  00m00s
[73/85] Installing ultramarine-fun-0:42 100% | 257.5 KiB/s |   2.8 KiB |  00m00s
[74/85] Installing ultramarine-system-c 100% | 143.6 KiB/s |   1.1 KiB |  00m00s
[75/85] Installing sipa-fonts-0:2020021 100% | 937.1 KiB/s |   8.4 KiB |  00m00s
[76/85] Removing dnf5-plugins-0:5.2.12. 100% |  10.8 KiB/s | 122.0   B |  00m00s
[77/85] Removing kde-settings-plasma-0: 100% | 818.0   B/s |   9.0   B |  00m00s
[78/85] Removing kde-settings-pulseaudi 100% |   4.2 KiB/s | 100.0   B |  00m00s
[79/85] Removing dnf5-0:5.2.12.0-1.fc42 100% |   3.6 KiB/s | 145.0   B |  00m00s
[80/85] Removing libdnf5-cli-0:5.2.12.0 100% |   2.6 KiB/s |  24.0   B |  00m00s
[81/85] Removing libdnf5-plugin-expired 100% | 636.0   B/s |   7.0   B |  00m00s
[82/85] Removing kde-settings-0:42.0-3. 100% |   4.3 KiB/s |  61.0   B |  00m00s
[83/85] Removing fedora-bookmarks-0:28- 100% | 166.0   B/s |   2.0   B |  00m00s
[84/85] Removing desktop-backgrounds-co 100% |   1.2 KiB/s |  12.0   B |  00m00s
[85/85] Removing libdnf5-0:5.2.12.0-1.f 100% |  18.0   B/s |  49.0   B |  00m03s
Complete!
+ sudo dnf group remove -y kde-desktop-environment
Updating and loading repositories:
Repositories loaded.
Package                     Arch   Version          Repository                            Size
Changing reason:
 ModemManager               x86_64 1.22.0-5.fc42    @System                            4.3 MiB
   Group -> Dependency                                                                        
 ibus-anthy                 x86_64 1.5.17-1.fc42    @System                            8.0 MiB
   Group -> Dependency                                                                        
 ibus-gtk3                  x86_64 1.5.32-1.fc42    @System                           44.0 KiB
   Group -> Dependency                                                                        
 im-chooser                 x86_64 1.7.5-3.fc42     @System                           30.0 KiB
   Group -> Dependency                                                                        
 imsettings                 x86_64 1.8.10-2.fc42    @System                            1.1 MiB
   Group -> Dependency                                                                        
 imsettings-gsettings       x86_64 1.8.10-2.fc42    @System                          577.4 KiB
   Group -> Dependency                                                                        
 imsettings-plasma          x86_64 1.8.10-2.fc42    @System                          562.4 KiB
   Group -> Dependency                                                                        
 lrzsz                      x86_64 0.12.20-74.fc42  @System                          184.3 KiB
   Group -> Dependency                                                                        
 ppp                        x86_64 2.5.1-5.fc42     @System                          938.5 KiB
   Group -> Dependency                                                                        
 setroubleshoot             x86_64 3.3.35-4.fc42    @System                          186.2 KiB
   Group -> Dependency                                                                        
Removing:
 NetworkManager-adsl        x86_64 1:1.52.0-1.fc42  781e4eb56ba449a5876af2cc084d758e  39.9 KiB
 gtk2-immodule-xim          x86_64 2.24.33-19.fc41  781e4eb56ba449a5876af2cc084d758e  40.0 KiB
 gtk3-immodule-xim          x86_64 3.24.49-2.fc42   781e4eb56ba449a5876af2cc084d758e  35.8 KiB
 ibus-chewing               x86_64 2.1.4-1.fc42     781e4eb56ba449a5876af2cc084d758e 225.1 KiB
 ibus-gtk4                  x86_64 1.5.32-1.fc42    updates                           39.9 KiB
 ibus-hangul                x86_64 1.5.5-8.fc42     781e4eb56ba449a5876af2cc084d758e 213.4 KiB
 ibus-libpinyin             x86_64 1.16.3-1.fc42    updates                            2.7 MiB
 ibus-m17n                  x86_64 1.4.36-1.fc42    updates                          327.5 KiB
 ibus-table-chinese-cangjie noarch 1.8.13-1.fc42    updates                            5.2 MiB
 ibus-typing-booster        noarch 2.27.64-1.fc42   updates                            6.7 MiB
 minicom                    x86_64 2.9-4.fc42       781e4eb56ba449a5876af2cc084d758e   1.1 MiB
Removing unused dependencies:
 cldr-emoji-annotation      noarch 1:47-1.fc42      781e4eb56ba449a5876af2cc084d758e 107.4 MiB
 cldr-emoji-annotation-dtd  noarch 1:47-1.fc42      781e4eb56ba449a5876af2cc084d758e 204.7 KiB
 ibus-table                 noarch 1.17.13-1.fc42   updates                            4.0 MiB
 ibus-table-chinese         noarch 1.8.13-1.fc42    updates                           37.5 KiB
 libhangul                  x86_64 0.2.0-1.fc42     updates                            6.4 MiB
 m17n-db                    noarch 1.8.10-1.fc42    updates                            2.4 MiB
 m17n-lib                   x86_64 1.8.6-1.fc42     updates                          459.6 KiB
 python3-enchant            noarch 3.2.2-15.fc42    781e4eb56ba449a5876af2cc084d758e 367.2 KiB
 python3-pyxdg              noarch 0.27-14.fc42     781e4eb56ba449a5876af2cc084d758e 433.2 KiB
 python3-rapidfuzz          x86_64 3.11.0-3.fc42    fedora                            11.1 MiB
 python3-regex              x86_64 2024.11.6-1.fc42 781e4eb56ba449a5876af2cc084d758e   2.0 MiB
 python3-simpleaudio        x86_64 1.0.4-16.fc42    781e4eb56ba449a5876af2cc084d758e   2.2 MiB
 unicode-ucd                noarch 16.0.0-2.fc42    781e4eb56ba449a5876af2cc084d758e  39.1 MiB
Removing groups:
 Input Methods                                                                                
 Dial-up Networking Support                                                                   
 Administration Tools                                                                         
Removing environmental groups:
 KDE Plasma Workspaces                                                                        

Transaction Summary:
 Removing:          24 packages
 Changing reason:   10 packages

After this operation, 193 MiB will be freed (install 0 B, remove 193 MiB).
Running transaction
[ 1/35] Prepare transaction             100% | 105.0   B/s |  24.0   B |  00m00s
[ 2/35] Removing ibus-typing-booster-0: 100% |   4.5 KiB/s | 151.0   B |  00m00s
[ 3/35] Removing ibus-m17n-0:1.4.36-1.f 100% |   4.6 KiB/s |  56.0   B |  00m00s
[ 4/35] Removing ibus-hangul-0:1.5.5-8. 100% |   3.3 KiB/s |  40.0   B |  00m00s
[ 5/35] Removing cldr-emoji-annotation- 100% |  11.0 KiB/s | 339.0   B |  00m00s
[ 6/35] Removing ibus-table-chinese-can 100% | 727.0   B/s |   8.0   B |  00m00s
[ 7/35] Removing ibus-table-chinese-0:1 100% | 227.0   B/s |   5.0   B |  00m00s
[ 8/35] Removing ibus-table-0:1.17.13-1 100% |   4.9 KiB/s | 126.0   B |  00m00s
[ 9/35] Removing cldr-emoji-annotation- 100% |   1.2 KiB/s |  11.0   B |  00m00s
[10/35] Removing python3-enchant-0:3.2. 100% |   3.9 KiB/s |  48.0   B |  00m00s
[11/35] Removing python3-pyxdg-0:0.27-1 100% |   3.2 KiB/s |  53.0   B |  00m00s
[12/35] Removing unicode-ucd-0:16.0.0-2 100% |   2.7 KiB/s |  78.0   B |  00m00s
[13/35] Removing m17n-lib-0:1.8.6-1.fc4 100% | 925.0   B/s |  25.0   B |  00m00s
[14/35] Removing m17n-db-0:1.8.10-1.fc4 100% |  15.4 KiB/s | 457.0   B |  00m00s
[15/35] Removing libhangul-0:0.2.0-1.fc 100% | 950.0   B/s |  19.0   B |  00m00s
[16/35] Removing python3-rapidfuzz-0:3. 100% |  12.8 KiB/s | 171.0   B |  00m00s
[17/35] Removing python3-simpleaudio-0: 100% |   2.0 KiB/s |  28.0   B |  00m00s
[18/35] Removing python3-regex-0:2024.1 100% |   1.5 KiB/s |  27.0   B |  00m00s
[19/35] Removing minicom-0:2.9-4.fc42.x 100% |   2.4 KiB/s |  70.0   B |  00m00s
[20/35] Removing ibus-libpinyin-0:1.16. 100% |   4.6 KiB/s |  75.0   B |  00m00s
[21/35] Removing ibus-gtk4-0:1.5.32-1.f 100% | 454.0   B/s |   5.0   B |  00m00s
[22/35] Removing ibus-chewing-0:2.1.4-1 100% |   2.0 KiB/s |  38.0   B |  00m00s
[23/35] Removing gtk3-immodule-xim-0:3. 100% | 307.0   B/s |   4.0   B |  00m00s
[24/35] Removing gtk2-immodule-xim-0:2. 100% | 363.0   B/s |   4.0   B |  00m00s
[25/35] Removing NetworkManager-adsl-1: 100% |   5.0   B/s |   4.0   B |  00m01s
Complete!
+ sudo dnf swap -y fedora-logos ultramarine-logos --allowerasing
Updating and loading repositories:
Repositories loaded.
Package            Arch   Version       Repository                            Size
Removing:
 fedora-logos      noarch 42.0.1-1.fc42 781e4eb56ba449a5876af2cc084d758e   1.7 MiB
Installing:
 ultramarine-logos noarch 42-2.um42     ultramarine                      477.5 KiB

Transaction Summary:
 Installing:         1 package
 Removing:           1 package

Total size of inbound packages is 341 KiB. Need to download 341 KiB.
After this operation, 1 MiB will be freed (install 477 KiB, remove 2 MiB).
[1/1] ultramarine-logos-0:42-2.um42.noa 100% |   1.6 MiB/s | 340.7 KiB |  00m00s
--------------------------------------------------------------------------------
[1/1] Total                             100% | 464.1 KiB/s | 340.7 KiB |  00m01s
Running transaction
[1/4] Verify package files              100% | 333.0   B/s |   1.0   B |  00m00s
[2/4] Prepare transaction               100% |  11.0   B/s |   2.0   B |  00m00s
[3/4] Installing ultramarine-logos-0:42 100% |  12.7 MiB/s | 508.8 KiB |  00m00s
[4/4] Removing fedora-logos-0:42.0.1-1. 100% | 754.0   B/s | 249.0   B |  00m00s
Complete!


â”â”â”â”           â”€â”€â”€â”€â”€â”€  
  Migration Complete!  
  â”€â”€â”€â”€â”€â”€           â”â”â”â”›
You may now reboot your system.
The next Linux kernel update will make your system entry appear as Ultramarine Linux, but now you're already running Ultramarine Linux.

â–¡ Would you like to also generate a new initramfs? (generate an Ultramarine boot entry) (y/N) 
â–  Generating new initramfs...
+ sudo dracut -f
New initramfs generated.

The migration logs can be found at ultramarine-migrate.log.
Come chat with us at https://discord.gg/5fdPuxTg5Q or https://matrix.to/#/#hub:fyralabs.com.
For addtional information, please see the Ultramarine Wiki, https://wiki.ultramarine-linux.org.
Have fun, thank you for using Ultramarine Linux!
